Fri Dec  3 12:50:13 2021: Error: Could not open leaderboard.txt. LOCATION: Leaderboard.load_data()
Fri Dec  3 12:51:00 2021: Error: Could not open leaderboard.txt. LOCATION: Leaderboard.load_data()
Fri Dec  3 13:36:04 2021: Error: Could not open leaderboard.txt. LOCATION: Leaderboard.load_data()
Fri Dec  3 13:37:14 2021: Error: Could not open leaderboard.txt. LOCATION: Leaderboard.load_data()
Fri Dec  3 14:30:50 2021: Error: File hahaha does not exist LOCATION: MainGame.new_puzzle()
Fri Dec  3 14:30:57 2021: Error: File ?? does not exist LOCATION: MainGame.new_puzzle()
Fri Dec  3 15:11:51 2021: Error: File None does not exist LOCATION: MainGame.new_puzzle()
Fri Dec  3 15:15:13 2021: Error: File None does not exist LOCATION: MainGame.new_puzzle()
Fri Dec  3 15:44:20 2021: Error: File None does not exist LOCATION: MainGame.new_puzzle()
Fri Dec  3 16:20:54 2021: Error: File Resources/splash_screen.gif does not exist LOCATION: Message.__init__()
Fri Dec  3 16:52:21 2021: Error: File None does not exist LOCATION: MainGame.new_puzzle()
Fri Dec  3 18:45:08 2021: Error: File mario.puz does not exist LOCATION: MainGame.__init__()
Fri Dec  3 23:03:59 2021: Error: Malformed puzzle file (number): mario.puz LOCATION: Puzzle.detect_improper_data()
Fri Dec  3 23:09:02 2021: Error: Malformed puzzle file (size): mario.puz LOCATION: Puzzle.detect_improper_data()
Fri Dec  3 23:12:41 2021: Error: Malformed puzzle file (size): mario.puz LOCATION: Puzzle.detect_improper_data()
Tue Dec  7 20:50:39 2021: Error: Malformed puzzle file (number): malformed_mario.puz LOCATION: Puzzle.detect_improper_data()
Tue Dec  7 21:55:23 2021: Error: Malformed puzzle file (number): malformed_mario.puz LOCATION: Puzzle.detect_improper_data()
Tue Dec  7 21:55:23 2021: Error: Malformed puzzle file (gif): images/marios_not_here/16.gif LOCATION: Puzzle.load_tile_objects()
Tue Dec  7 22:24:16 2021: Error: File None does not exist LOCATION: MainGame.new_puzzle()
Tue Dec  7 23:02:22 2021: Error: Malformed puzzle file (number): malformed_mario.puz LOCATION: Puzzle.detect_improper_data()
Tue Dec  7 23:11:07 2021: Error: Malformed puzzle file (number): malformed_mario.puz LOCATION: Puzzle.detect_improper_data()
Tue Dec  7 23:11:07 2021: Error: Malformed puzzle file (gif): images/marios_not_here/16.gif LOCATION: Puzzle.load_tile_objects()
Tue Dec  7 23:30:31 2021: Error: Missing Message gif resource: Resources/winner.gif LOCATION: Message.try_to_register_shape()
Tue Dec  7 23:43:25 2021: Error: File mario.puz does not exist LOCATION: MainGame.__init__()
Tue Dec  7 23:43:48 2021: Error: Malformed puzzle file (number): mario.puz LOCATION: Puzzle.detect_improper_data()
Wed Dec  8 16:49:57 2021: Error: File None does not exist LOCATION: MainGame.new_puzzle()
Wed Dec  8 19:20:15 2021: Error: File None does not exist LOCATION: MainGame.new_puzzle()
Wed Dec  8 21:03:53 2021: Error: Malformed puzzle file (line): mario.puz LOCATION: Puzzle.load_info_dict()
Wed Dec  8 21:33:20 2021: Error: Malformed puzzle file (number): malformed_mario.puz LOCATION: Puzzle.detect_improper_data()
Wed Dec  8 21:33:20 2021: Error: Malformed puzzle file (gif): images/marios_not_here/16.gif LOCATION: Tile.try_to_register_shape()
Thu Dec  9 01:26:39 2021: Error: File None does not exist LOCATION: MainGame.new_puzzle()
Thu Dec  9 12:31:22 2021: Error: File None does not exist LOCATION: MainGame.new_puzzle()
Thu Dec  9 12:33:53 2021: Error: File None does not exist LOCATION: MainGame.new_puzzle()
Fri Dec 10 00:27:41 2021: Error: File None does not exist LOCATION: MainGame.new_puzzle()
Fri Dec 10 19:23:45 2021: Error: Malformed puzzle file (number): malformed_mario.puz LOCATION: Puzzle.detect_improper_data()
Fri Dec 10 19:23:45 2021: Error: Missing tile gif resource: images/marios_not_here/16.gif LOCATION: Tile.try_to_register_shape()
Fri Dec 10 19:42:21 2021: Error: Malformed puzzle file (number): malformed_mario.puz LOCATION: Puzzle.detect_improper_data()
Fri Dec 10 19:42:21 2021: Error: Malformed puzzle file (tile): images/marios_not_here/16.gif LOCATION: Tile.try_to_register_shape()
Fri Dec 10 19:42:21 2021: Error: Malformed puzzle file (Thumbnail): images/marios_not_here/mario_thumbnail.gif LOCATION: Thumbnail.try_to_register_shape()
Fri Dec 10 19:52:37 2021: Error: Malformed puzzle file (number): malformed_mario.puz LOCATION: Puzzle.detect_improper_data()
Fri Dec 10 19:52:37 2021: Error: Malformed puzzle file (tile): images/marios_not_here/16.gif LOCATION: Tile.try_to_register_shape()
Fri Dec 10 19:52:37 2021: Error: Malformed puzzle file (Thumbnail): images/marios_not_here/mario_thumbnail.gif LOCATION: Thumbnail.try_to_register_shape()
Fri Dec 10 19:54:37 2021: Error: Malformed puzzle file (number): malformed_mario.puz LOCATION: Puzzle.detect_improper_data()
Fri Dec 10 19:54:37 2021: Error: Malformed puzzle file (tile): images/marios_not_here/16.gif LOCATION: Tile.try_to_register_shape()
Fri Dec 10 19:54:37 2021: Error: Malformed puzzle file (Thumbnail): images/marios_not_here/mario_thumbnail.gif LOCATION: Thumbnail.try_to_register_shape()
Fri Dec 10 19:56:05 2021: Error: Malformed puzzle file (number): malformed_mario.puz LOCATION: Puzzle.detect_improper_data()
Fri Dec 10 19:56:05 2021: Error: Malformed puzzle file (tile): images/marios_not_here/16.gif LOCATION: Tile.try_to_register_shape()
Fri Dec 10 19:56:05 2021: Error: Malformed puzzle file (Thumbnail): images/marios_not_here/mario_thumbnail.gif LOCATION: Thumbnail.try_to_register_shape()
Fri Dec 10 19:56:19 2021: Error: File None does not exist LOCATION: MainGame.new_puzzle()
Fri Dec 10 19:59:40 2021: Error: Malformed puzzle file (number): mario.puz LOCATION: Puzzle.detect_improper_data()
Fri Dec 10 22:02:45 2021: Error: File None does not exist LOCATION: MainGame.new_puzzle()
Fri Dec 10 22:25:25 2021: Error: File None does not exist LOCATION: MainGame.new_puzzle()
Sat Dec 11 00:07:18 2021: Error: File fsd.puz does not exist LOCATION: MainGame.new_puzzle()
Sat Dec 11 00:08:52 2021: Error: File None does not exist LOCATION: MainGame.new_puzzle()
Sat Dec 11 00:42:02 2021: Error: File None does not exist LOCATION: MainGame.new_puzzle()
Sat Dec 11 15:27:38 2021: Error: Malformed puzzle file (number): malformed_mario.puz LOCATION: Puzzle.detect_improper_data()
Sat Dec 11 15:27:38 2021: Error: Malformed puzzle file (Thumbnail): images/marios_not_here/mario_thumbnail.gif LOCATION: Thumbnail.try_to_register_shape()
Sat Dec 11 15:27:38 2021: Error: Malformed puzzle file (tile): images/marios_not_here/16.gif LOCATION: Tile.try_to_register_shape()
Sat Dec 11 15:27:50 2021: Error: File None does not exist LOCATION: MainGame.new_puzzle()
